<?xml version="1.0" encoding="UTF-8"?>
<testsuite xmlns:xsi="http://www.w3.org/2001/XMLSchema-instance" xsi:noNamespaceSchemaLocation="https://maven.apache.org/surefire/maven-surefire-plugin/xsd/surefire-test-report.xsd" version="3.0.2" name="org.carinsay.gamehub.GamehubApplicationTests" time="1.774" tests="1" errors="0" skipped="0" failures="0">
  <properties>
[...]
</properties>
  <testcase name="contextLoads" classname="org.carinsay.gamehub.GamehubApplicationTests" time="0.434">
    <system-out><![CDATA[13:52:20.866 [main] INFO org.springframework.test.context.support.AnnotationConfigContextLoaderUtils -- Could not detect default configuration classes for test class [org.carinsay.gamehub.GamehubApplicationTests]: GamehubApplicationTests does not declare any static, non-private, non-final, nested classes annotated with @Configuration.
13:52:20.935 [main] INFO org.springframework.boot.test.context.SpringBootTestContextBootstrapper -- Found @SpringBootConfiguration org.carinsay.gamehub.GamehubApplication for test class org.carinsay.gamehub.GamehubApplicationTests

  .   ____          _            __ _ _
 /\\ / ___'_ __ _ _(_)_ __  __ _ \ \ \ \
( ( )\___ | '_ | '_| | '_ \/ _` | \ \ \ \
 \\/  ___)| |_)| | | | | || (_| |  ) ) ) )
  '  |____| .__|_| |_|_| |_\__, | / / / /
 =========|_|==============|___/=/_/_/_/

 :: Spring Boot ::                (v4.0.0)

2025-12-03T13:52:21.216+08:00  INFO 20512 --- [Gamehub] [           main] o.c.gamehub.GamehubApplicationTests      : Starting GamehubApplicationTests using Java 17.0.16 with PID 20512 (started by 36240 in C:\Users\36240\Desktop\sky-takeoot\Gamehub)
2025-12-03T13:52:21.219+08:00  INFO 20512 --- [Gamehub] [           main] o.c.gamehub.GamehubApplicationTests      : No active profile set, falling back to 1 default profile: "default"
2025-12-03T13:52:22.052+08:00  INFO 20512 --- [Gamehub] [           main] o.c.gamehub.GamehubApplicationTests      : Started GamehubApplicationTests in 1.017 seconds (process running for 2.868)
]]></system-out>
  </testcase>
</testsuite>